2025-04-04 13:40:47.284214 - Received CBT.V508.FILE674.PDS from FILE674.XMI 
2025-04-04 13:40:47.285285 - Found $$$#DATE.txt (text/plain) in CBT.V508.FILE674.PDS, moved to PDS/$$$#DATE
2025-04-04 13:40:47.286083 - Found $$INDEX.txt (text/plain) in CBT.V508.FILE674.PDS, moved to PDS/$$INDEX
2025-04-04 13:40:47.286393 - Found $HINTIPS.txt (text/plain) in CBT.V508.FILE674.PDS, moved to PDS/$HINTIPS
2025-04-04 13:40:47.286564 - Found $INTRO.txt (text/plain) in CBT.V508.FILE674.PDS, moved to PDS/$INTRO
2025-04-04 13:40:47.286694 - Found $RUNME.jcl (text/plain) in CBT.V508.FILE674.PDS, moved to PDS/$RUNME
2025-04-04 13:40:47.286822 - Found @FILE674.txt (text/plain) in CBT.V508.FILE674.PDS, moved to PDS/@FILE674
2025-04-04 13:40:47.286967 - Found DTLSOURC.xmi (application/xmit) in CBT.V508.FILE674.PDS, moved to PDS/DTLSOURC.xmi
2025-04-04 13:40:47.332182 - Received MA133.TSO.ISPPLIB.DTLSOURC from DTLSOURC.xmi 
2025-04-04 13:40:47.332727 - Found NJ.txt (text/plain) in MA133.TSO.ISPPLIB.DTLSOURC, moved to DTLSOURC/NJ
2025-04-04 13:40:47.332873 - Found NJABVIEW.txt (text/plain) in MA133.TSO.ISPPLIB.DTLSOURC, moved to DTLSOURC/NJABVIEW
2025-04-04 13:40:47.333006 - Found NJHEAD.txt (text/plain) in MA133.TSO.ISPPLIB.DTLSOURC, moved to DTLSOURC/NJHEAD
2025-04-04 13:40:47.333139 - Found NJINIT.txt (text/plain) in MA133.TSO.ISPPLIB.DTLSOURC, moved to DTLSOURC/NJINIT
2025-04-04 13:40:47.333253 - Found ZPDSLIST.txt (text/plain) in MA133.TSO.ISPPLIB.DTLSOURC, moved to DTLSOURC/ZPDSLIST
2025-04-04 13:40:47.333721 - Found DUMPDTL.xmi (application/xmit) in CBT.V508.FILE674.PDS, moved to PDS/DUMPDTL.xmi
2025-04-04 13:40:47.355268 - Received MA133.TSO.SVCDUMPS.ISPPLIB.DTLSOURC from DUMPDTL.xmi 
2025-04-04 13:40:47.355737 - Found DUMPISPF.txt (text/plain) in MA133.TSO.SVCDUMPS.ISPPLIB.DTLSOURC, moved to DUMPDTL/DUMPISPF
2025-04-04 13:40:47.355887 - Found ZPDSLIST.txt (text/plain) in MA133.TSO.SVCDUMPS.ISPPLIB.DTLSOURC, moved to DUMPDTL/ZPDSLIST
2025-04-04 13:40:47.356288 - Found DUMPEXEC.xmi (application/xmit) in CBT.V508.FILE674.PDS, moved to PDS/DUMPEXEC.xmi
2025-04-04 13:40:47.739984 - Received MA133.TSO.SVCDUMPS.SYSEXEC from DUMPEXEC.xmi 
2025-04-04 13:40:47.741498 - Found $DOC.txt (text/plain) in MA133.TSO.SVCDUMPS.SYSEXEC, moved to DUMPEXEC/$DOC
2025-04-04 13:40:47.741667 - Found $INSTALL.txt (text/plain) in MA133.TSO.SVCDUMPS.SYSEXEC, moved to DUMPEXEC/$INSTALL
2025-04-04 13:40:47.741795 - Found $IVP.txt (text/plain) in MA133.TSO.SVCDUMPS.SYSEXEC, moved to DUMPEXEC/$IVP
2025-04-04 13:40:47.741935 - Found DUMPANAL.rexx (text/plain) in MA133.TSO.SVCDUMPS.SYSEXEC, moved to DUMPEXEC/DUMPANAL
2025-04-04 13:40:47.742057 - Found DUMPARCH.rexx (text/plain) in MA133.TSO.SVCDUMPS.SYSEXEC, moved to DUMPEXEC/DUMPARCH
2025-04-04 13:40:47.742188 - Found DUMPARCJ.rexx (text/plain) in MA133.TSO.SVCDUMPS.SYSEXEC, moved to DUMPEXEC/DUMPARCJ
2025-04-04 13:40:47.742312 - Found DUMPCLN.rexx (text/plain) in MA133.TSO.SVCDUMPS.SYSEXEC, moved to DUMPEXEC/DUMPCLN
2025-04-04 13:40:47.742442 - Found DUMPCOPY.rexx (text/plain) in MA133.TSO.SVCDUMPS.SYSEXEC, moved to DUMPEXEC/DUMPCOPY
2025-04-04 13:40:47.742571 - Found DUMPDATE.rexx (text/plain) in MA133.TSO.SVCDUMPS.SYSEXEC, moved to DUMPEXEC/DUMPDATE
2025-04-04 13:40:47.742697 - Found DUMPEDJB.rexx (text/plain) in MA133.TSO.SVCDUMPS.SYSEXEC, moved to DUMPEXEC/DUMPEDJB
2025-04-04 13:40:47.742822 - Found DUMPFREC.rexx (text/plain) in MA133.TSO.SVCDUMPS.SYSEXEC, moved to DUMPEXEC/DUMPFREC
2025-04-04 13:40:47.742944 - Found DUMPISPF.rexx (text/plain) in MA133.TSO.SVCDUMPS.SYSEXEC, moved to DUMPEXEC/DUMPISPF
2025-04-04 13:40:47.743061 - Found DUMPLOG.rexx (text/plain) in MA133.TSO.SVCDUMPS.SYSEXEC, moved to DUMPEXEC/DUMPLOG
2025-04-04 13:40:47.743172 - Found DUMPNTFY.rexx (text/plain) in MA133.TSO.SVCDUMPS.SYSEXEC, moved to DUMPEXEC/DUMPNTFY
2025-04-04 13:40:47.743294 - Found DUMPPED.rexx (text/plain) in MA133.TSO.SVCDUMPS.SYSEXEC, moved to DUMPEXEC/DUMPPED
2025-04-04 13:40:47.743414 - Found DUMPPURG.rexx (text/plain) in MA133.TSO.SVCDUMPS.SYSEXEC, moved to DUMPEXEC/DUMPPURG
2025-04-04 13:40:47.743528 - Found DUMPSPCE.rexx (text/plain) in MA133.TSO.SVCDUMPS.SYSEXEC, moved to DUMPEXEC/DUMPSPCE
2025-04-04 13:40:47.743646 - Found DUMPSTAT.rexx (text/plain) in MA133.TSO.SVCDUMPS.SYSEXEC, moved to DUMPEXEC/DUMPSTAT
2025-04-04 13:40:47.743777 - Found DUMPSTMP.rexx (text/plain) in MA133.TSO.SVCDUMPS.SYSEXEC, moved to DUMPEXEC/DUMPSTMP
2025-04-04 13:40:47.743891 - Found DUMPSYNC.rexx (text/plain) in MA133.TSO.SVCDUMPS.SYSEXEC, moved to DUMPEXEC/DUMPSYNC
2025-04-04 13:40:47.744007 - Found DUMPVECT.rexx (text/plain) in MA133.TSO.SVCDUMPS.SYSEXEC, moved to DUMPEXEC/DUMPVECT
2025-04-04 13:40:47.744137 - Found GETDALOC.rexx (text/plain) in MA133.TSO.SVCDUMPS.SYSEXEC, moved to DUMPEXEC/GETDALOC
2025-04-04 13:40:47.744261 - Found GETDDATE.rexx (text/plain) in MA133.TSO.SVCDUMPS.SYSEXEC, moved to DUMPEXEC/GETDDATE
2025-04-04 13:40:47.744370 - Found GETDEXCL.rexx (text/plain) in MA133.TSO.SVCDUMPS.SYSEXEC, moved to DUMPEXEC/GETDEXCL
2025-04-04 13:40:47.744486 - Found GETDLOG.rexx (text/plain) in MA133.TSO.SVCDUMPS.SYSEXEC, moved to DUMPEXEC/GETDLOG
2025-04-04 13:40:47.744621 - Found GETDNTFY.rexx (text/plain) in MA133.TSO.SVCDUMPS.SYSEXEC, moved to DUMPEXEC/GETDNTFY
2025-04-04 13:40:47.744752 - Found GETDOPER.rexx (text/plain) in MA133.TSO.SVCDUMPS.SYSEXEC, moved to DUMPEXEC/GETDOPER
2025-04-04 13:40:47.744867 - Found GETDPFX.rexx (text/plain) in MA133.TSO.SVCDUMPS.SYSEXEC, moved to DUMPEXEC/GETDPFX
2025-04-04 13:40:47.744975 - Found GETDQUAL.rexx (text/plain) in MA133.TSO.SVCDUMPS.SYSEXEC, moved to DUMPEXEC/GETDQUAL
2025-04-04 13:40:47.745094 - Found GETDVOL.rexx (text/plain) in MA133.TSO.SVCDUMPS.SYSEXEC, moved to DUMPEXEC/GETDVOL
2025-04-04 13:40:47.745207 - Found GETDWAIT.rexx (text/plain) in MA133.TSO.SVCDUMPS.SYSEXEC, moved to DUMPEXEC/GETDWAIT
2025-04-04 13:40:47.745323 - Found LOG2TAB.rexx (text/plain) in MA133.TSO.SVCDUMPS.SYSEXEC, moved to DUMPEXEC/LOG2TAB
2025-04-04 13:40:47.745434 - Found OPSMSG1.txt (text/plain) in MA133.TSO.SVCDUMPS.SYSEXEC, moved to DUMPEXEC/OPSMSG1
2025-04-04 13:40:47.745544 - Found OPSMSG2.txt (text/plain) in MA133.TSO.SVCDUMPS.SYSEXEC, moved to DUMPEXEC/OPSMSG2
2025-04-04 13:40:47.745650 - Found OPSTOD1.txt (text/plain) in MA133.TSO.SVCDUMPS.SYSEXEC, moved to DUMPEXEC/OPSTOD1
2025-04-04 13:40:47.745761 - Found OPSTOD2.txt (text/plain) in MA133.TSO.SVCDUMPS.SYSEXEC, moved to DUMPEXEC/OPSTOD2
2025-04-04 13:40:47.745886 - Found SVCDUMPS.rexx (text/plain) in MA133.TSO.SVCDUMPS.SYSEXEC, moved to DUMPEXEC/SVCDUMPS
2025-04-04 13:40:47.746001 - Found SYSDUMP.txt (text/plain) in MA133.TSO.SVCDUMPS.SYSEXEC, moved to DUMPEXEC/SYSDUMP
2025-04-04 13:40:47.746144 - Found TAB2LOG.rexx (text/plain) in MA133.TSO.SVCDUMPS.SYSEXEC, moved to DUMPEXEC/TAB2LOG
2025-04-04 13:40:47.746267 - Found ZPDSLIST.txt (text/plain) in MA133.TSO.SVCDUMPS.SYSEXEC, moved to DUMPEXEC/ZPDSLIST
2025-04-04 13:40:47.747746 - Found DUMPMLIB.xmi (application/xmit) in CBT.V508.FILE674.PDS, moved to PDS/DUMPMLIB.xmi
2025-04-04 13:40:47.768743 - Received MA133.TSO.SVCDUMPS.ISPMLIB from DUMPMLIB.xmi 
2025-04-04 13:40:47.769192 - Found SD00.txt (text/plain) in MA133.TSO.SVCDUMPS.ISPMLIB, moved to DUMPMLIB/SD00
2025-04-04 13:40:47.769317 - Found SD01.txt (text/plain) in MA133.TSO.SVCDUMPS.ISPMLIB, moved to DUMPMLIB/SD01
2025-04-04 13:40:47.769438 - Found ZPDSLIST.txt (text/plain) in MA133.TSO.SVCDUMPS.ISPMLIB, moved to DUMPMLIB/ZPDSLIST
2025-04-04 13:40:47.769814 - Found DUMPPLIB.xmi (application/xmit) in CBT.V508.FILE674.PDS, moved to PDS/DUMPPLIB.xmi
2025-04-04 13:40:47.784847 - Received MA133.TSO.SVCDUMPS.ISPPLIB from DUMPPLIB.xmi 
2025-04-04 13:40:47.785385 - Found SDFTP.bin (application/octet-stream) in MA133.TSO.SVCDUMPS.ISPPLIB, moved to DUMPPLIB/SDFTP
2025-04-04 13:40:47.785548 - Found SDHELP1.bin (application/octet-stream) in MA133.TSO.SVCDUMPS.ISPPLIB, moved to DUMPPLIB/SDHELP1
2025-04-04 13:40:47.785670 - Found SDINFO.bin (application/octet-stream) in MA133.TSO.SVCDUMPS.ISPPLIB, moved to DUMPPLIB/SDINFO
2025-04-04 13:40:47.785817 - Found SDMAIN1.bin (application/octet-stream) in MA133.TSO.SVCDUMPS.ISPPLIB, moved to DUMPPLIB/SDMAIN1
2025-04-04 13:40:47.785927 - Found SDWAIT.bin (application/octet-stream) in MA133.TSO.SVCDUMPS.ISPPLIB, moved to DUMPPLIB/SDWAIT
2025-04-04 13:40:47.786037 - Found ZPDSLIST.txt (text/plain) in MA133.TSO.SVCDUMPS.ISPPLIB, moved to DUMPPLIB/ZPDSLIST
2025-04-04 13:40:47.786484 - Found DUMPSLIB.xmi (application/xmit) in CBT.V508.FILE674.PDS, moved to PDS/DUMPSLIB.xmi
2025-04-04 13:40:47.844113 - Received MA133.TSO.SVCDUMPS.ISPSLIB from DUMPSLIB.xmi 
2025-04-04 13:40:47.844802 - Found ARCH1.txt (text/plain) in MA133.TSO.SVCDUMPS.ISPSLIB, moved to DUMPSLIB/ARCH1
2025-04-04 13:40:47.844928 - Found ARCH2.txt (text/plain) in MA133.TSO.SVCDUMPS.ISPSLIB, moved to DUMPSLIB/ARCH2
2025-04-04 13:40:47.845046 - Found ARCH3.txt (text/plain) in MA133.TSO.SVCDUMPS.ISPSLIB, moved to DUMPSLIB/ARCH3
2025-04-04 13:40:47.845171 - Found ARCH4.txt (text/plain) in MA133.TSO.SVCDUMPS.ISPSLIB, moved to DUMPSLIB/ARCH4
2025-04-04 13:40:47.845281 - Found ARCH5.txt (text/plain) in MA133.TSO.SVCDUMPS.ISPSLIB, moved to DUMPSLIB/ARCH5
2025-04-04 13:40:47.845390 - Found FTP.txt (text/plain) in MA133.TSO.SVCDUMPS.ISPSLIB, moved to DUMPSLIB/FTP
2025-04-04 13:40:47.845503 - Found JOBCARD.jcl (text/plain) in MA133.TSO.SVCDUMPS.ISPSLIB, moved to DUMPSLIB/JOBCARD
2025-04-04 13:40:47.845620 - Found RECALL.txt (text/plain) in MA133.TSO.SVCDUMPS.ISPSLIB, moved to DUMPSLIB/RECALL
2025-04-04 13:40:47.845742 - Found TERSE.txt (text/plain) in MA133.TSO.SVCDUMPS.ISPSLIB, moved to DUMPSLIB/TERSE
2025-04-04 13:40:47.845861 - Found ZPDSLIST.txt (text/plain) in MA133.TSO.SVCDUMPS.ISPSLIB, moved to DUMPSLIB/ZPDSLIST
2025-04-04 13:40:47.846408 - Found ISPMLIB.xmi (application/xmit) in CBT.V508.FILE674.PDS, moved to PDS/ISPMLIB.xmi
2025-04-04 13:40:47.867634 - Received MA133.TSO.ISPMLIB from ISPMLIB.xmi 
2025-04-04 13:40:47.868116 - Found NJ00.txt (text/plain) in MA133.TSO.ISPMLIB, moved to ISPMLIB/NJ00
2025-04-04 13:40:47.868258 - Found NJ01.txt (text/plain) in MA133.TSO.ISPMLIB, moved to ISPMLIB/NJ01
2025-04-04 13:40:47.868387 - Found ZPDSLIST.txt (text/plain) in MA133.TSO.ISPMLIB, moved to ISPMLIB/ZPDSLIST
2025-04-04 13:40:47.868761 - Found ISPPLIB.xmi (application/xmit) in CBT.V508.FILE674.PDS, moved to PDS/ISPPLIB.xmi
2025-04-04 13:40:47.897356 - Received MA133.TSO.ISPPLIB from ISPPLIB.xmi 
2025-04-04 13:40:47.898110 - Found NJDSNS1.bin (application/octet-stream) in MA133.TSO.ISPPLIB, moved to ISPPLIB/NJDSNS1
2025-04-04 13:40:47.898261 - Found NJDSNS2.bin (application/octet-stream) in MA133.TSO.ISPPLIB, moved to ISPPLIB/NJDSNS2
2025-04-04 13:40:47.898407 - Found NJHELP1.bin (application/octet-stream) in MA133.TSO.ISPPLIB, moved to ISPPLIB/NJHELP1
2025-04-04 13:40:47.898549 - Found NJMSGS1.bin (application/octet-stream) in MA133.TSO.ISPPLIB, moved to ISPPLIB/NJMSGS1
2025-04-04 13:40:47.898687 - Found NJMSGS2.bin (application/octet-stream) in MA133.TSO.ISPPLIB, moved to ISPPLIB/NJMSGS2
2025-04-04 13:40:47.898824 - Found NJPGMS1.bin (application/octet-stream) in MA133.TSO.ISPPLIB, moved to ISPPLIB/NJPGMS1
2025-04-04 13:40:47.898968 - Found NJPGMS2.bin (application/octet-stream) in MA133.TSO.ISPPLIB, moved to ISPPLIB/NJPGMS2
2025-04-04 13:40:47.899110 - Found NJPROCS1.bin (application/octet-stream) in MA133.TSO.ISPPLIB, moved to ISPPLIB/NJPROCS1
2025-04-04 13:40:47.899257 - Found NJPROCS2.bin (application/octet-stream) in MA133.TSO.ISPPLIB, moved to ISPPLIB/NJPROCS2
2025-04-04 13:40:47.899391 - Found NJPRTS1.bin (application/octet-stream) in MA133.TSO.ISPPLIB, moved to ISPPLIB/NJPRTS1
2025-04-04 13:40:47.899501 - Found NJSTAT.bin (application/octet-stream) in MA133.TSO.ISPPLIB, moved to ISPPLIB/NJSTAT
2025-04-04 13:40:47.899621 - Found SORTTB.bin (application/octet-stream) in MA133.TSO.ISPPLIB, moved to ISPPLIB/SORTTB
2025-04-04 13:40:47.899734 - Found STARTUP.bin (application/octet-stream) in MA133.TSO.ISPPLIB, moved to ISPPLIB/STARTUP
2025-04-04 13:40:47.899845 - Found ZPDSLIST.txt (text/plain) in MA133.TSO.ISPPLIB, moved to ISPPLIB/ZPDSLIST
2025-04-04 13:40:47.900788 - Found ISPTLIB.xmi (application/xmit) in CBT.V508.FILE674.PDS, moved to PDS/ISPTLIB.xmi
2025-04-04 13:40:47.916094 - Received MA133.TSO.ISPTLIB from ISPTLIB.xmi 
2025-04-04 13:40:47.916604 - Found ISRCMDS.bin (application/octet-stream) in MA133.TSO.ISPTLIB, moved to ISPTLIB/ISRCMDS
2025-04-04 13:40:47.916753 - Found NJCMDS.bin (application/octet-stream) in MA133.TSO.ISPTLIB, moved to ISPTLIB/NJCMDS
2025-04-04 13:40:47.916902 - Found NJKEYS.bin (application/octet-stream) in MA133.TSO.ISPTLIB, moved to ISPTLIB/NJKEYS
2025-04-04 13:40:47.917024 - Found STARTUP.bin (application/octet-stream) in MA133.TSO.ISPTLIB, moved to ISPTLIB/STARTUP
2025-04-04 13:40:47.917143 - Found ZPDSLIST.txt (text/plain) in MA133.TSO.ISPTLIB, moved to ISPTLIB/ZPDSLIST
2025-04-04 13:40:47.917584 - Found LOGON.xmi (application/xmit) in CBT.V508.FILE674.PDS, moved to PDS/LOGON.xmi
2025-04-04 13:40:47.986012 - Received MA133.TSO.LOGON from LOGON.xmi 
2025-04-04 13:40:47.986591 - Found $BENEFIT.txt (text/plain) in MA133.TSO.LOGON, moved to LOGON/$BENEFIT
2025-04-04 13:40:47.986769 - Found $README.txt (text/plain) in MA133.TSO.LOGON, moved to LOGON/$README
2025-04-04 13:40:47.986908 - Found $USE.txt (text/plain) in MA133.TSO.LOGON, moved to LOGON/$USE
2025-04-04 13:40:47.987047 - Found CATLIBS.rexx (text/plain) in MA133.TSO.LOGON, moved to LOGON/CATLIBS
2025-04-04 13:40:47.987173 - Found ISPFPROF.txt (text/plain) in MA133.TSO.LOGON, moved to LOGON/ISPFPROF
2025-04-04 13:40:47.987293 - Found ZPDSLIST.txt (text/plain) in MA133.TSO.LOGON, moved to LOGON/ZPDSLIST
2025-04-04 13:40:47.987771 - Found LPARM.xmi (application/xmit) in CBT.V508.FILE674.PDS, moved to PDS/LPARM.xmi
2025-04-04 13:40:48.077253 - Received MA133.TSO.LOGON.PARMLIB from LPARM.xmi 
2025-04-04 13:40:48.078106 - Found $PRC2DRV.txt (text/plain) in MA133.TSO.LOGON.PARMLIB, moved to LPARM/$PRC2DRV
2025-04-04 13:40:48.078253 - Found $README.txt (text/plain) in MA133.TSO.LOGON.PARMLIB, moved to LPARM/$README
2025-04-04 13:40:48.078387 - Found #BASIC.txt (text/plain) in MA133.TSO.LOGON.PARMLIB, moved to LPARM/#BASIC
2025-04-04 13:40:48.078520 - Found #SPECIAL.txt (text/plain) in MA133.TSO.LOGON.PARMLIB, moved to LPARM/#SPECIAL
2025-04-04 13:40:48.078642 - Found @BASIC.txt (text/plain) in MA133.TSO.LOGON.PARMLIB, moved to LPARM/@BASIC
2025-04-04 13:40:48.078763 - Found @SPECIAL.txt (text/plain) in MA133.TSO.LOGON.PARMLIB, moved to LPARM/@SPECIAL
2025-04-04 13:40:48.078888 - Found COMPANY.txt (text/plain) in MA133.TSO.LOGON.PARMLIB, moved to LPARM/COMPANY
2025-04-04 13:40:48.079020 - Found ISPF.txt (text/plain) in MA133.TSO.LOGON.PARMLIB, moved to LPARM/ISPF
2025-04-04 13:40:48.079136 - Found MA133.txt (text/plain) in MA133.TSO.LOGON.PARMLIB, moved to LPARM/MA133
2025-04-04 13:40:48.079254 - Found MISCLIBS.txt (text/plain) in MA133.TSO.LOGON.PARMLIB, moved to LPARM/MISCLIBS
2025-04-04 13:40:48.079378 - Found PRODUCT1.txt (text/plain) in MA133.TSO.LOGON.PARMLIB, moved to LPARM/PRODUCT1
2025-04-04 13:40:48.079518 - Found USERFRST.txt (text/plain) in MA133.TSO.LOGON.PARMLIB, moved to LPARM/USERFRST
2025-04-04 13:40:48.079648 - Found USERLAST.txt (text/plain) in MA133.TSO.LOGON.PARMLIB, moved to LPARM/USERLAST
2025-04-04 13:40:48.079781 - Found ZPDSLIST.txt (text/plain) in MA133.TSO.LOGON.PARMLIB, moved to LPARM/ZPDSLIST
2025-04-04 13:40:48.080709 - Found PARMLIB.xmi (application/xmit) in CBT.V508.FILE674.PDS, moved to PDS/PARMLIB.xmi
2025-04-04 13:40:48.112599 - Received MA133.TSO.PARMLIB from PARMLIB.xmi 
2025-04-04 13:40:48.113161 - Found FC.txt (text/plain) in MA133.TSO.PARMLIB, moved to PARMLIB/FC
2025-04-04 13:40:48.113302 - Found FJ.txt (text/plain) in MA133.TSO.PARMLIB, moved to PARMLIB/FJ
2025-04-04 13:40:48.113432 - Found FP.txt (text/plain) in MA133.TSO.PARMLIB, moved to PARMLIB/FP
2025-04-04 13:40:48.113563 - Found FS.txt (text/plain) in MA133.TSO.PARMLIB, moved to PARMLIB/FS
2025-04-04 13:40:48.113683 - Found ZPDSLIST.txt (text/plain) in MA133.TSO.PARMLIB, moved to PARMLIB/ZPDSLIST
2025-04-04 13:40:48.114117 - Found RECBATCH.rexx (text/plain) in CBT.V508.FILE674.PDS, moved to PDS/RECBATCH
2025-04-04 13:40:48.114258 - Found SAMPLIB.xmi (application/xmit) in CBT.V508.FILE674.PDS, moved to PDS/SAMPLIB.xmi
2025-04-04 13:40:48.249181 - Received MA133.TSO.SAMPLIB from SAMPLIB.xmi 
2025-04-04 13:40:48.250100 - Found $DOC.txt (text/plain) in MA133.TSO.SAMPLIB, moved to SAMPLIB/$DOC
2025-04-04 13:40:48.250236 - Found $INSTALL.jcl (text/plain) in MA133.TSO.SAMPLIB, moved to SAMPLIB/$INSTALL
2025-04-04 13:40:48.250366 - Found $INSTAL2.txt (text/plain) in MA133.TSO.SAMPLIB, moved to SAMPLIB/$INSTAL2
2025-04-04 13:40:48.250503 - Found $IVP.txt (text/plain) in MA133.TSO.SAMPLIB, moved to SAMPLIB/$IVP
2025-04-04 13:40:48.250628 - Found #INMACRO.rexx (text/plain) in MA133.TSO.SAMPLIB, moved to SAMPLIB/#INMACRO
2025-04-04 13:40:48.250746 - Found #INREXX.rexx (text/plain) in MA133.TSO.SAMPLIB, moved to SAMPLIB/#INREXX
2025-04-04 13:40:48.250865 - Found FTPPDSJ.jcl (text/plain) in MA133.TSO.SAMPLIB, moved to SAMPLIB/FTPPDSJ
2025-04-04 13:40:48.250978 - Found FTPPDSR.txt (text/plain) in MA133.TSO.SAMPLIB, moved to SAMPLIB/FTPPDSR
2025-04-04 13:40:48.251089 - Found FTPPDSR1.rexx (text/plain) in MA133.TSO.SAMPLIB, moved to SAMPLIB/FTPPDSR1
2025-04-04 13:40:48.251201 - Found FTPPDSS.txt (text/plain) in MA133.TSO.SAMPLIB, moved to SAMPLIB/FTPPDSS
2025-04-04 13:40:48.251319 - Found FTPPDSS1.rexx (text/plain) in MA133.TSO.SAMPLIB, moved to SAMPLIB/FTPPDSS1
2025-04-04 13:40:48.251445 - Found ISPBATCH.txt (text/plain) in MA133.TSO.SAMPLIB, moved to SAMPLIB/ISPBATCH
2025-04-04 13:40:48.251571 - Found SAMPJOB.jcl (text/plain) in MA133.TSO.SAMPLIB, moved to SAMPLIB/SAMPJOB
2025-04-04 13:40:48.251686 - Found SAMPPROC.txt (text/plain) in MA133.TSO.SAMPLIB, moved to SAMPLIB/SAMPPROC
2025-04-04 13:40:48.251808 - Found TSOBASIC.txt (text/plain) in MA133.TSO.SAMPLIB, moved to SAMPLIB/TSOBASIC
2025-04-04 13:40:48.251923 - Found TSOBATCH.txt (text/plain) in MA133.TSO.SAMPLIB, moved to SAMPLIB/TSOBATCH
2025-04-04 13:40:48.252045 - Found ZPDSLIST.txt (text/plain) in MA133.TSO.SAMPLIB, moved to SAMPLIB/ZPDSLIST
2025-04-04 13:40:48.253007 - Found SYSEXEC.xmi (application/xmit) in CBT.V508.FILE674.PDS, moved to PDS/SYSEXEC.xmi
2025-04-04 13:40:48.760721 - Received MA133.TSO.SYSEXEC from SYSEXEC.xmi 
2025-04-04 13:40:48.762525 - Found $DOC.rexx (text/plain) in MA133.TSO.SYSEXEC, moved to SYSEXEC/$DOC
2025-04-04 13:40:48.762681 - Found $START.rexx (text/plain) in MA133.TSO.SYSEXEC, moved to SYSEXEC/$START
2025-04-04 13:40:48.762815 - Found $TBDISPL.txt (text/plain) in MA133.TSO.SYSEXEC, moved to SYSEXEC/$TBDISPL
2025-04-04 13:40:48.762943 - Found APARSTRP.rexx (text/plain) in MA133.TSO.SYSEXEC, moved to SYSEXEC/APARSTRP
2025-04-04 13:40:48.763075 - Found COMPRESS.rexx (text/plain) in MA133.TSO.SYSEXEC, moved to SYSEXEC/COMPRESS
2025-04-04 13:40:48.763229 - Found DELALL.rexx (text/plain) in MA133.TSO.SYSEXEC, moved to SYSEXEC/DELALL
2025-04-04 13:40:48.763358 - Found DUPMEM.rexx (text/plain) in MA133.TSO.SYSEXEC, moved to SYSEXEC/DUPMEM
2025-04-04 13:40:48.763519 - Found EACHMEM.rexx (text/plain) in MA133.TSO.SYSEXEC, moved to SYSEXEC/EACHMEM
2025-04-04 13:40:48.763640 - Found FC.rexx (text/plain) in MA133.TSO.SYSEXEC, moved to SYSEXEC/FC
2025-04-04 13:40:48.763762 - Found FD.rexx (text/plain) in MA133.TSO.SYSEXEC, moved to SYSEXEC/FD
2025-04-04 13:40:48.763924 - Found FDSN.rexx (text/plain) in MA133.TSO.SYSEXEC, moved to SYSEXEC/FDSN
2025-04-04 13:40:48.764046 - Found FDSNCMD.rexx (text/plain) in MA133.TSO.SYSEXEC, moved to SYSEXEC/FDSNCMD
2025-04-04 13:40:48.764160 - Found FDSNDEF.rexx (text/plain) in MA133.TSO.SYSEXEC, moved to SYSEXEC/FDSNDEF
2025-04-04 13:40:48.764312 - Found FJ.rexx (text/plain) in MA133.TSO.SYSEXEC, moved to SYSEXEC/FJ
2025-04-04 13:40:48.764515 - Found FP.rexx (text/plain) in MA133.TSO.SYSEXEC, moved to SYSEXEC/FP
2025-04-04 13:40:48.764687 - Found FR.rexx (text/plain) in MA133.TSO.SYSEXEC, moved to SYSEXEC/FR
2025-04-04 13:40:48.764828 - Found FS.rexx (text/plain) in MA133.TSO.SYSEXEC, moved to SYSEXEC/FS
2025-04-04 13:40:48.764999 - Found FTPPDS.rexx (text/plain) in MA133.TSO.SYSEXEC, moved to SYSEXEC/FTPPDS
2025-04-04 13:40:48.765132 - Found FTPPDSXR.rexx (text/plain) in MA133.TSO.SYSEXEC, moved to SYSEXEC/FTPPDSXR
2025-04-04 13:40:48.765261 - Found FTPPDSXS.rexx (text/plain) in MA133.TSO.SYSEXEC, moved to SYSEXEC/FTPPDSXS
2025-04-04 13:40:48.765416 - Found GDGREL.rexx (text/plain) in MA133.TSO.SYSEXEC, moved to SYSEXEC/GDGREL
2025-04-04 13:40:48.765558 - Found GETLINE.rexx (text/plain) in MA133.TSO.SYSEXEC, moved to SYSEXEC/GETLINE
2025-04-04 13:40:48.765691 - Found GO.rexx (text/plain) in MA133.TSO.SYSEXEC, moved to SYSEXEC/GO
2025-04-04 13:40:48.765827 - Found LISTCNCT.rexx (text/plain) in MA133.TSO.SYSEXEC, moved to SYSEXEC/LISTCNCT
2025-04-04 13:40:48.766345 - Found LISTLINK.rexx (text/plain) in MA133.TSO.SYSEXEC, moved to SYSEXEC/LISTLINK
2025-04-04 13:40:48.766613 - Found LISTLPA.rexx (text/plain) in MA133.TSO.SYSEXEC, moved to SYSEXEC/LISTLPA
2025-04-04 13:40:48.766751 - Found LISTMEM.rexx (text/plain) in MA133.TSO.SYSEXEC, moved to SYSEXEC/LISTMEM
2025-04-04 13:40:48.766901 - Found NJ.rexx (text/plain) in MA133.TSO.SYSEXEC, moved to SYSEXEC/NJ
2025-04-04 13:40:48.767031 - Found NJCHECK.rexx (text/plain) in MA133.TSO.SYSEXEC, moved to SYSEXEC/NJCHECK
2025-04-04 13:40:48.767149 - Found NJEDIT.rexx (text/plain) in MA133.TSO.SYSEXEC, moved to SYSEXEC/NJEDIT
2025-04-04 13:40:48.767270 - Found NJEDRPT.rexx (text/plain) in MA133.TSO.SYSEXEC, moved to SYSEXEC/NJEDRPT
2025-04-04 13:40:48.767387 - Found PREFDSN.rexx (text/plain) in MA133.TSO.SYSEXEC, moved to SYSEXEC/PREFDSN
2025-04-04 13:40:48.767513 - Found QUOTES.rexx (text/plain) in MA133.TSO.SYSEXEC, moved to SYSEXEC/QUOTES
2025-04-04 13:40:48.767666 - Found RESTART.rexx (text/plain) in MA133.TSO.SYSEXEC, moved to SYSEXEC/RESTART
2025-04-04 13:40:48.767897 - Found SAVELIB.rexx (text/plain) in MA133.TSO.SYSEXEC, moved to SYSEXEC/SAVELIB
2025-04-04 13:40:48.768050 - Found SCREENS.rexx (text/plain) in MA133.TSO.SYSEXEC, moved to SYSEXEC/SCREENS
2025-04-04 13:40:48.768160 - Found SORTTB.rexx (text/plain) in MA133.TSO.SYSEXEC, moved to SYSEXEC/SORTTB
2025-04-04 13:40:48.768287 - Found SRCHEDIT.rexx (text/plain) in MA133.TSO.SYSEXEC, moved to SYSEXEC/SRCHEDIT
2025-04-04 13:40:48.768405 - Found SRCHGO.rexx (text/plain) in MA133.TSO.SYSEXEC, moved to SYSEXEC/SRCHGO
2025-04-04 13:40:48.768572 - Found STARTINI.rexx (text/plain) in MA133.TSO.SYSEXEC, moved to SYSEXEC/STARTINI
2025-04-04 13:40:48.768698 - Found STARTUP.rexx (text/plain) in MA133.TSO.SYSEXEC, moved to SYSEXEC/STARTUP
2025-04-04 13:40:48.768832 - Found SWIMACRO.rexx (text/plain) in MA133.TSO.SYSEXEC, moved to SYSEXEC/SWIMACRO
2025-04-04 13:40:48.768972 - Found ZOOM.bin (application/octet-stream) in MA133.TSO.SYSEXEC, moved to SYSEXEC/ZOOM
2025-04-04 13:40:48.769131 - Found ZPDSLIST.txt (text/plain) in MA133.TSO.SYSEXEC, moved to SYSEXEC/ZPDSLIST
